  main.cpp
c:\users\f2289\desktop\計算機圖學\hw3\hw3_framework\cg_hw3\cg_hw3\main.cpp(373): warning C4305: '=': 從 'double' 轉換為 'float'，是由較大的類型轉換為較小的類型，可能導致資料遺失
c:\users\f2289\desktop\計算機圖學\hw3\hw3_framework\cg_hw3\cg_hw3\main.cpp(374): warning C4305: '=': 從 'double' 轉換為 'float'，是由較大的類型轉換為較小的類型，可能導致資料遺失
c:\users\f2289\desktop\計算機圖學\hw3\hw3_framework\cg_hw3\cg_hw3\main.cpp(375): warning C4305: '=': 從 'double' 轉換為 'float'，是由較大的類型轉換為較小的類型，可能導致資料遺失
c:\users\f2289\desktop\計算機圖學\hw3\hw3_framework\cg_hw3\cg_hw3\main.cpp(383): warning C4305: '=': 從 'double' 轉換為 'float'，是由較大的類型轉換為較小的類型，可能導致資料遺失
c:\users\f2289\desktop\計算機圖學\hw3\hw3_framework\cg_hw3\cg_hw3\main.cpp(384): warning C4305: '=': 從 'double' 轉換為 'float'，是由較大的類型轉換為較小的類型，可能導致資料遺失
c:\users\f2289\desktop\計算機圖學\hw3\hw3_framework\cg_hw3\cg_hw3\main.cpp(385): warning C4305: '=': 從 'double' 轉換為 'float'，是由較大的類型轉換為較小的類型，可能導致資料遺失
c:\users\f2289\desktop\計算機圖學\hw3\hw3_framework\cg_hw3\cg_hw3\main.cpp(396): warning C4244: '=': 將 'double' 轉換為 'float'，由於類型不同，可能導致資料遺失
c:\users\f2289\desktop\計算機圖學\hw3\hw3_framework\cg_hw3\cg_hw3\main.cpp(404): warning C4305: '=': 從 'double' 轉換為 'float'，是由較大的類型轉換為較小的類型，可能導致資料遺失
c:\users\f2289\desktop\計算機圖學\hw3\hw3_framework\cg_hw3\cg_hw3\main.cpp(405): warning C4305: '=': 從 'double' 轉換為 'float'，是由較大的類型轉換為較小的類型，可能導致資料遺失
c:\users\f2289\desktop\計算機圖學\hw3\hw3_framework\cg_hw3\cg_hw3\main.cpp(406): warning C4305: '=': 從 'double' 轉換為 'float'，是由較大的類型轉換為較小的類型，可能導致資料遺失
c:\users\f2289\desktop\計算機圖學\hw3\hw3_framework\cg_hw3\cg_hw3\main.cpp(417): warning C4244: '=': 將 'double' 轉換為 'float'，由於類型不同，可能導致資料遺失
c:\users\f2289\desktop\計算機圖學\hw3\hw3_framework\cg_hw3\cg_hw3\main.cpp(426): warning C4305: '=': 從 'double' 轉換為 'float'，是由較大的類型轉換為較小的類型，可能導致資料遺失
c:\users\f2289\desktop\計算機圖學\hw3\hw3_framework\cg_hw3\cg_hw3\main.cpp(427): warning C4305: '=': 從 'double' 轉換為 'float'，是由較大的類型轉換為較小的類型，可能導致資料遺失
c:\users\f2289\desktop\計算機圖學\hw3\hw3_framework\cg_hw3\cg_hw3\main.cpp(428): warning C4305: '=': 從 'double' 轉換為 'float'，是由較大的類型轉換為較小的類型，可能導致資料遺失
c:\users\f2289\desktop\計算機圖學\hw3\hw3_framework\cg_hw3\cg_hw3\main.cpp(443): warning C4244: '=': 將 'double' 轉換為 'float'，由於類型不同，可能導致資料遺失
c:\users\f2289\desktop\計算機圖學\hw3\hw3_framework\cg_hw3\cg_hw3\main.cpp(445): warning C4305: '=': 從 'double' 轉換為 'float'，是由較大的類型轉換為較小的類型，可能導致資料遺失
c:\users\f2289\desktop\計算機圖學\hw3\hw3_framework\cg_hw3\cg_hw3\main.cpp(447): warning C4305: '=': 從 'double' 轉換為 'float'，是由較大的類型轉換為較小的類型，可能導致資料遺失
  CG_HW3.vcxproj -> C:\Users\f2289\Desktop\計算機圖學\Hw3\HW3_framework\CG_HW3\Debug\CG_HW3.exe
  CG_HW3.vcxproj -> C:\Users\f2289\Desktop\計算機圖學\Hw3\HW3_framework\CG_HW3\Debug\CG_HW3.pdb (Full PDB)
